<?xml version="1.0" encoding="UTF-8"?>
<!-- Generated by org.testng.reporters.JUnitXMLReporter -->
<testsuite ignored="6" hostname="Pratik" failures="0" tests="1" name="Default test" time="4.876" errors="0" timestamp="2024-07-15T16:45:48 IST">
  <testcase classname="Eval.crypto" name="create" time="4.77"/>
  <testcase classname="Eval.crypto" name="get_exchange_rates" time="0.0">
    <ignored/>
  </testcase> <!-- get_exchange_rates -->
  <testcase classname="Eval.crypto" name="login" time="0.0">
    <ignored/>
  </testcase> <!-- login -->
  <testcase classname="Eval.crypto" name="list_transactions" time="0.0">
    <ignored/>
  </testcase> <!-- list_transactions -->
  <testcase classname="Eval.crypto" name="calc_trans_fees" time="0.0">
    <ignored/>
  </testcase> <!-- calc_trans_fees -->
  <testcase classname="Eval.crypto" name="transfer" time="0.0">
    <ignored/>
  </testcase> <!-- transfer -->
  <testcase classname="Eval.crypto" name="retrieve_balance" time="0.0">
    <ignored/>
  </testcase> <!-- retrieve_balance -->
</testsuite> <!-- Default test -->
