<?xml version="1.0" encoding="UTF-8"?>
<testng-results ignored="6" total="7" passed="1" failed="0" skipped="0">
  <reporter-output>
  </reporter-output>
  <suite started-at="2024-07-15T16:45:42 IST" name="Default suite" finished-at="2024-07-15T16:45:47 IST" duration-ms="4876">
    <groups>
    </groups>
    <test started-at="2024-07-15T16:45:42 IST" name="Default test" finished-at="2024-07-15T16:45:47 IST" duration-ms="4876">
      <class name="Eval.crypto">
        <test-method signature="create()[pri:0, instance:Eval.crypto@1e1a0406]" started-at="2024-07-15T16:45:43 IST" name="create" finished-at="2024-07-15T16:45:47 IST" duration-ms="4770" status="PASS">
          <reporter-output>
          </reporter-output>
        </test-method> <!-- create -->
      </class> <!-- Eval.crypto -->
    </test> <!-- Default test -->
  </suite> <!-- Default suite -->
</testng-results>
